[2017-03-19 04:11:39] my_logger.INFO: /doctor/list [] []
[2017-03-19 04:11:39] my_logger.INFO: Doctor List API Success [] []
[2017-03-20 10:54:25] my_logger.INFO: /doctor/list [] []
[2017-03-20 10:54:25] my_logger.INFO: Doctor List API Success [] []
[2017-03-20 10:54:37] my_logger.INFO: Specialist '/' Add [] []
[2017-03-20 10:54:37] my_logger.INFO: New Doctor addition error SQLSTATE[23000]: Integrity constraint violation: 1062 Duplicate entry '+917042922775' for key 'mobile' [] []
[2017-03-20 10:55:06] my_logger.INFO: Specialist '/' Add [] []
[2017-03-20 10:55:06] my_logger.INFO: New Doctor Added [] []
[2017-03-20 10:55:12] my_logger.INFO: /doctor/list [] []
[2017-03-20 10:55:12] my_logger.INFO: Doctor List API Success [] []
[2017-03-21 16:40:37] my_logger.INFO: /doctor/list [] []
[2017-03-21 16:40:37] my_logger.INFO: Doctor List API Success [] []
[2017-03-21 16:40:40] my_logger.INFO: /doctor/list [] []
[2017-03-21 16:40:40] my_logger.INFO: Doctor List API Success [] []
[2017-03-21 16:42:37] my_logger.INFO: /doctor/list [] []
[2017-03-21 16:42:37] my_logger.INFO: Doctor List API Success [] []
[2017-03-21 16:42:56] my_logger.INFO: Specialist '/' Add [] []
[2017-03-21 16:42:56] my_logger.INFO: New Doctor Added [] []
[2017-03-21 16:42:59] my_logger.INFO: /doctor/list [] []
[2017-03-21 16:42:59] my_logger.INFO: Doctor List API Success [] []
[2017-03-22 16:28:18] my_logger.INFO: /doctor/list [] []
[2017-03-22 16:28:19] my_logger.INFO: Doctor List API Success [] []
[2017-03-22 16:36:15] my_logger.INFO: /doctor/list [] []
[2017-03-22 16:36:15] my_logger.INFO: Doctor List API Success [] []
[2017-03-22 16:36:59] my_logger.INFO: /doctor/list [] []
[2017-03-22 16:36:59] my_logger.INFO: Doctor List API Success [] []
[2017-03-22 16:37:15] my_logger.INFO: /doctor/list [] []
[2017-03-22 16:37:15] my_logger.INFO: Doctor List API Success [] []
[2017-03-22 16:38:43] my_logger.INFO: /doctor/list [] []
[2017-03-22 16:38:43] my_logger.INFO: Doctor List API Success [] []
[2017-03-22 16:40:27] my_logger.INFO: /doctor/list [] []
[2017-03-22 16:40:27] my_logger.INFO: Doctor List API Success [] []
[2017-03-22 16:40:36] my_logger.INFO: /doctor/list [] []
[2017-03-22 16:40:36] my_logger.INFO: Doctor List API Success [] []
[2017-03-22 16:41:39] my_logger.INFO: /doctor/list [] []
[2017-03-22 16:41:39] my_logger.INFO: Doctor List API Success [] []
[2017-03-22 16:43:07] my_logger.INFO: /doctor/list [] []
[2017-03-22 16:43:07] my_logger.INFO: Doctor List API Success [] []
[2017-03-22 16:49:44] my_logger.INFO: /doctor/list [] []
[2017-03-22 16:49:44] my_logger.INFO: Doctor List API Success [] []
[2017-03-22 16:53:32] my_logger.INFO: /doctor/list [] []
[2017-03-22 16:53:32] my_logger.INFO: Doctor List API Success [] []
[2017-03-22 16:59:06] my_logger.INFO: /doctor/list [] []
[2017-03-22 16:59:06] my_logger.INFO: Doctor List API Success [] []
[2017-03-22 16:59:24] my_logger.INFO: Specialist '/' Add [] []
[2017-03-22 16:59:24] my_logger.INFO: New Doctor addition error SQLSTATE[23000]: Integrity constraint violation: 1062 Duplicate entry '+917042922774' for key 'mobile' [] []
[2017-03-22 16:59:33] my_logger.INFO: Specialist '/' Add [] []
[2017-03-22 16:59:33] my_logger.INFO: New Doctor addition error SQLSTATE[23000]: Integrity constraint violation: 1062 Duplicate entry 'akfjsbakbj@gmail.com' for key 'email' [] []
[2017-03-22 16:59:39] my_logger.INFO: Specialist '/' Add [] []
[2017-03-22 16:59:39] my_logger.INFO: New Doctor Added [] []
[2017-03-22 16:59:45] my_logger.INFO: /doctor/list [] []
[2017-03-22 16:59:45] my_logger.INFO: Doctor List API Success [] []
[2017-03-22 17:00:15] my_logger.INFO: /doctor/list [] []
[2017-03-22 17:00:15] my_logger.INFO: Doctor List API Success [] []
[2017-03-23 15:54:13] my_logger.INFO: /doctor/list [] []
[2017-03-23 15:54:13] my_logger.INFO: Doctor List API Success [] []
[2017-03-23 16:03:03] my_logger.INFO: Specialist '/' Add [] []
[2017-03-23 16:03:03] my_logger.INFO: New Doctor addition error SQLSTATE[23000]: Integrity constraint violation: 1048 Column 'name' cannot be null [] []
[2017-03-23 16:06:37] my_logger.INFO: /doctor/list [] []
[2017-03-23 16:06:37] my_logger.INFO: Doctor List API Success [] []
[2017-03-23 16:10:05] my_logger.INFO: Asked for doctor125 [] []
[2017-03-23 16:10:10] my_logger.INFO: Asked for doctor323 [] []
[2017-03-23 17:11:47] my_logger.INFO: /doctor/list [] []
[2017-03-23 17:11:47] my_logger.INFO: Doctor List API Success [] []
[2017-03-23 17:11:56] my_logger.INFO: Asked for doctor133 [] []
[2017-04-02 14:12:02] my_logger.INFO: /doctor/list [] []
[2017-04-02 14:12:02] my_logger.INFO: Doctor List API errorSQLSTATE[HY000] [2002] Connection refused [] []
[2017-04-02 14:12:58] my_logger.INFO: /doctor/list [] []
[2017-04-02 14:12:58] my_logger.INFO: Doctor List API errorSQLSTATE[HY000] [2002] Connection refused [] []
[2017-04-02 14:14:18] my_logger.INFO: /doctor/list [] []
[2017-04-02 14:14:18] my_logger.INFO: Doctor List API errorSQLSTATE[HY000] [2002] Connection refused [] []
[2017-04-02 14:15:41] my_logger.INFO: /doctor/list [] []
[2017-04-02 14:15:41] my_logger.INFO: Doctor List API Success [] []
[2017-04-02 14:17:17] my_logger.INFO: /doctor/list [] []
[2017-04-02 14:17:17] my_logger.INFO: Doctor List API Success [] []
[2017-04-02 14:29:02] my_logger.INFO: Specialist '/' Add [] []
[2017-04-02 14:29:02] my_logger.INFO: New Doctor addition error SQLSTATE[42S22]: Column not found: 1054 Unknown column 'clinic_name' in 'field list' [] []
[2017-04-02 14:30:04] my_logger.INFO: /doctor/list [] []
[2017-04-02 14:30:04] my_logger.INFO: Doctor List API Success [] []
[2017-04-02 14:30:48] my_logger.INFO: Specialist '/' Add [] []
[2017-04-02 14:30:48] my_logger.INFO: New Doctor addition error SQLSTATE[42S22]: Column not found: 1054 Unknown column 'clinic_name' in 'field list' [] []
[2017-04-02 14:31:54] my_logger.INFO: Specialist '/' Add [] []
[2017-04-02 14:31:54] my_logger.INFO: New Doctor Added [] []
[2017-04-02 14:32:08] my_logger.INFO: /doctor/list [] []
[2017-04-02 14:32:08] my_logger.INFO: Doctor List API Success [] []
[2017-04-02 14:35:31] my_logger.INFO: Specialist '/' Add [] []
[2017-04-02 14:35:31] my_logger.INFO: New Doctor addition error SQLSTATE[42000]: Syntax error or access violation: 1064 You have an error in your SQL syntax; check the manual that corresponds to your MySQL server version for the right syntax to use near 'OUTPUT Inserted.id' at line 1 [] []
[2017-04-02 14:42:01] my_logger.INFO: Specialist '/' Add [] []
[2017-04-02 14:42:01] my_logger.INFO: New Doctor addition error SQLSTATE[23000]: Integrity constraint violation: 1048 Column 'clinic_name' cannot be null [] []
[2017-04-02 14:42:15] my_logger.INFO: Specialist '/' Add [] []
[2017-04-02 14:42:15] my_logger.INFO: New Doctor addition error SQLSTATE[23000]: Integrity constraint violation: 1048 Column 'name' cannot be null [] []
[2017-04-02 14:42:29] my_logger.INFO: Specialist '/' Add [] []
[2017-04-02 14:42:29] my_logger.INFO: New Doctor addition error SQLSTATE[23000]: Integrity constraint violation: 1048 Column 'name' cannot be null [] []
[2017-04-02 14:42:40] my_logger.INFO: Specialist '/' Add [] []
[2017-04-02 14:42:40] my_logger.INFO: New Doctor addition error SQLSTATE[23000]: Integrity constraint violation: 1048 Column 'name' cannot be null [] []
[2017-04-02 14:43:17] my_logger.INFO: Specialist '/' Add [] []
[2017-04-02 14:43:17] my_logger.INFO: New Doctor addition error SQLSTATE[23000]: Integrity constraint violation: 1062 Duplicate entry '0' for key 'PRIMARY' [] []
[2017-04-02 14:45:11] my_logger.INFO: Specialist '/' Add [] []
[2017-04-02 14:45:11] my_logger.INFO: New Doctor addition error SQLSTATE[23000]: Integrity constraint violation: 1062 Duplicate entry '2147483647' for key 'mobile' [] []
[2017-04-02 14:45:22] my_logger.INFO: Specialist '/' Add [] []
[2017-04-02 14:45:22] my_logger.INFO: New Doctor addition error SQLSTATE[23000]: Integrity constraint violation: 1062 Duplicate entry '2147483647' for key 'mobile' [] []
[2017-04-02 14:45:27] my_logger.INFO: Specialist '/' Add [] []
[2017-04-02 14:45:27] my_logger.INFO: New Doctor addition error SQLSTATE[23000]: Integrity constraint violation: 1062 Duplicate entry '2147483647' for key 'mobile' [] []
[2017-04-02 14:46:28] my_logger.INFO: Specialist '/' Add [] []
[2017-04-02 14:46:35] my_logger.INFO: Specialist '/' Add [] []
[2017-04-02 14:46:35] my_logger.INFO: New Doctor addition error SQLSTATE[23000]: Integrity constraint violation: 1062 Duplicate entry 'ntngirij@gmail.com' for key 'email' [] []
[2017-04-02 14:46:41] my_logger.INFO: Specialist '/' Add [] []
[2017-04-02 14:46:41] my_logger.INFO: New Doctor addition error SQLSTATE[23000]: Integrity constraint violation: 1062 Duplicate entry '1445567' for key 'mobile' [] []
[2017-04-02 14:46:46] my_logger.INFO: Specialist '/' Add [] []
[2017-04-02 14:47:15] my_logger.INFO: Specialist '/' Add [] []
[2017-04-02 14:50:10] my_logger.INFO: Specialist '/' Add [] []
[2017-04-02 14:50:10] my_logger.INFO: New Doctor addition error SQLSTATE[HY000]: General error [] []
[2017-04-02 14:51:15] my_logger.INFO: Specialist '/' Add [] []
[2017-04-02 14:51:15] my_logger.INFO: New Doctor addition error SQLSTATE[HY000]: General error [] []
[2017-04-02 14:52:44] my_logger.INFO: Specialist '/' Add [] []
[2017-04-02 14:54:23] my_logger.INFO: Specialist '/' Add [] []
[2017-04-02 14:54:23] my_logger.INFO: New Doctor addition error SQLSTATE[23000]: Integrity constraint violation: 1062 Duplicate entry 'ntngirij@slfdkzn.com' for key 'email' [] []
[2017-04-02 14:54:35] my_logger.INFO: Specialist '/' Add [] []
[2017-04-02 14:54:35] my_logger.INFO: New Doctor Added [] []
[2017-04-02 15:13:16] my_logger.INFO: /doctor/list [] []
[2017-04-02 15:13:16] my_logger.INFO: Doctor List API Success [] []
[2017-04-02 15:44:34] my_logger.INFO: Specialist '/' Add [] []
[2017-04-02 15:44:34] my_logger.INFO: New Doctor Added [] []
[2017-04-02 15:47:59] my_logger.INFO: /doctor/list [] []
[2017-04-02 15:47:59] my_logger.INFO: Doctor List API Success [] []
[2017-04-02 15:51:27] my_logger.INFO: Asked for doctor14 [] []
[2017-04-02 15:52:07] my_logger.INFO: Asked for doctor14 [] []
[2017-04-02 15:52:28] my_logger.INFO: Asked for doctor14 [] []
[2017-04-02 15:53:08] my_logger.INFO: Asked for doctor14 [] []
[2017-04-02 15:53:40] my_logger.INFO: Asked for doctor14 [] []
[2017-04-02 15:56:24] my_logger.INFO: Asked for doctor14 [] []
[2017-04-02 15:56:49] my_logger.INFO: Asked for doctor14 [] []
[2017-04-02 15:57:16] my_logger.INFO: Asked for doctor14 [] []
[2017-04-02 15:58:43] my_logger.INFO: Asked for doctor14 [] []
[2017-04-02 16:01:20] my_logger.INFO: Asked for doctor14 [] []
[2017-04-02 16:01:56] my_logger.INFO: Asked for doctor14 [] []
[2017-04-02 16:05:34] my_logger.INFO: Asked for doctor14 [] []
[2017-04-02 16:53:07] my_logger.INFO: Asked for doctor14 [] []
[2017-04-02 16:58:26] my_logger.INFO: Asked for doctor14 [] []
[2017-04-02 17:18:05] my_logger.INFO: /doctor/list [] []
[2017-04-02 17:18:05] my_logger.INFO: Doctor List API Success [] []
[2017-04-02 17:54:41] my_logger.INFO: Asked for doctor14 [] []
[2017-04-02 18:48:29] my_logger.INFO: /doctor/list [] []
[2017-04-02 18:48:29] my_logger.INFO: Doctor List API Success [] []
[2017-04-02 19:04:54] my_logger.INFO: /doctor/list [] []
[2017-04-02 19:04:54] my_logger.INFO: Doctor List API Success [] []
[2017-04-02 19:05:06] my_logger.INFO: /doctor/list [] []
[2017-04-02 19:05:06] my_logger.INFO: Doctor List API Success [] []
[2017-04-02 19:06:08] my_logger.INFO: /doctor/list [] []
[2017-04-02 19:06:08] my_logger.INFO: Doctor List API Success [] []
[2017-04-02 19:07:41] my_logger.INFO: /doctor/list [] []
[2017-04-02 19:07:41] my_logger.INFO: Doctor List API Success [] []
[2017-04-02 19:15:17] my_logger.INFO: /doctor/list [] []
[2017-04-02 19:15:17] my_logger.INFO: Doctor List API Success [] []
[2017-04-02 19:15:53] my_logger.INFO: /doctor/list [] []
[2017-04-02 19:15:53] my_logger.INFO: Doctor List API Success [] []
[2017-04-02 19:25:07] my_logger.INFO: /doctor/list [] []
[2017-04-02 19:25:07] my_logger.INFO: Doctor List API Success [] []
